/root/ros2_ws/src/open_manipulator/install/open_manipulator_teleop/lib/python3.12/site-packages/open_manipulator_teleop/omx_f_teleop.py
/root/ros2_ws/src/open_manipulator/install/open_manipulator_teleop/lib/python3.12/site-packages/open_manipulator_teleop/__init__.py
/root/ros2_ws/src/open_manipulator/install/open_manipulator_teleop/lib/python3.12/site-packages/open_manipulator_teleop/open_manipulator_x_teleop.py
/root/ros2_ws/src/open_manipulator/install/open_manipulator_teleop/lib/python3.12/site-packages/open_manipulator_teleop/omy_f3m_teleop.py
/root/ros2_ws/src/open_manipulator/install/open_manipulator_teleop/lib/python3.12/site-packages/open_manipulator_teleop/omy_3m_teleop.py
/root/ros2_ws/src/open_manipulator/install/open_manipulator_teleop/lib/python3.12/site-packages/open_manipulator_teleop/__pycache__/omx_f_teleop.cpython-312.pyc
/root/ros2_ws/src/open_manipulator/install/open_manipulator_teleop/lib/python3.12/site-packages/open_manipulator_teleop/__pycache__/__init__.cpython-312.pyc
/root/ros2_ws/src/open_manipulator/install/open_manipulator_teleop/lib/python3.12/site-packages/open_manipulator_teleop/__pycache__/open_manipulator_x_teleop.cpython-312.pyc
/root/ros2_ws/src/open_manipulator/install/open_manipulator_teleop/lib/python3.12/site-packages/open_manipulator_teleop/__pycache__/omy_f3m_teleop.cpython-312.pyc
/root/ros2_ws/src/open_manipulator/install/open_manipulator_teleop/lib/python3.12/site-packages/open_manipulator_teleop/__pycache__/omy_3m_teleop.cpython-312.pyc
/root/ros2_ws/src/open_manipulator/install/open_manipulator_teleop/share/ament_index/resource_index/packages/open_manipulator_teleop
/root/ros2_ws/src/open_manipulator/install/open_manipulator_teleop/share/open_manipulator_teleop/package.xml
/root/ros2_ws/src/open_manipulator/install/open_manipulator_teleop/share/open_manipulator_teleop/launch
/root/ros2_ws/src/open_manipulator/install/open_manipulator_teleop/lib/python3.12/site-packages/open_manipulator_teleop-4.1.2-py3.12.egg-info/SOURCES.txt
/root/ros2_ws/src/open_manipulator/install/open_manipulator_teleop/lib/python3.12/site-packages/open_manipulator_teleop-4.1.2-py3.12.egg-info/dependency_links.txt
/root/ros2_ws/src/open_manipulator/install/open_manipulator_teleop/lib/python3.12/site-packages/open_manipulator_teleop-4.1.2-py3.12.egg-info/zip-safe
/root/ros2_ws/src/open_manipulator/install/open_manipulator_teleop/lib/python3.12/site-packages/open_manipulator_teleop-4.1.2-py3.12.egg-info/entry_points.txt
/root/ros2_ws/src/open_manipulator/install/open_manipulator_teleop/lib/python3.12/site-packages/open_manipulator_teleop-4.1.2-py3.12.egg-info/top_level.txt
/root/ros2_ws/src/open_manipulator/install/open_manipulator_teleop/lib/python3.12/site-packages/open_manipulator_teleop-4.1.2-py3.12.egg-info/requires.txt
/root/ros2_ws/src/open_manipulator/install/open_manipulator_teleop/lib/python3.12/site-packages/open_manipulator_teleop-4.1.2-py3.12.egg-info/PKG-INFO
/root/ros2_ws/src/open_manipulator/install/open_manipulator_teleop/lib/open_manipulator_teleop/omx_f_teleop
/root/ros2_ws/src/open_manipulator/install/open_manipulator_teleop/lib/open_manipulator_teleop/omy_3m_teleop
/root/ros2_ws/src/open_manipulator/install/open_manipulator_teleop/lib/open_manipulator_teleop/omy_f3m_teleop
/root/ros2_ws/src/open_manipulator/install/open_manipulator_teleop/lib/open_manipulator_teleop/open_manipulator_x_teleop
