[0.016s] Invoking command in '/root/ros2_ws/src/open_manipulator/build/open_manipulator_playground': CMAKE_PREFIX_PATH=${CMAKE_PREFIX_PATH}:/root/ros2_ws/install/eyetracking_controller:/root/ros2_ws/install/open_manipulator_teleop:/root/ros2_ws/install/open_manipulator_bringup:/opt/ros/jazzy /usr/bin/cmake /root/ros2_ws/src/open_manipulator/open_manipulator_playground -DCMAKE_INSTALL_PREFIX=/root/ros2_ws/src/open_manipulator/install/open_manipulator_playground
[0.127s] -- The C compiler identification is GNU 13.3.0
[0.127s] -- The CXX compiler identification is GNU 13.3.0
[0.127s] -- Detecting C compiler ABI info
[0.169s] -- Detecting C compiler ABI info - done
[0.174s] -- Check for working C compiler: /usr/bin/cc - skipped
[0.174s] -- Detecting C compile features
[0.175s] -- Detecting C compile features - done
[0.179s] -- Detecting CXX compiler ABI info
[0.243s] -- Detecting CXX compiler ABI info - done
[0.247s] -- Check for working CXX compiler: /usr/bin/c++ - skipped
[0.248s] -- Detecting CXX compile features
[0.248s] -- Detecting CXX compile features - done
[0.253s] -- Found ament_cmake: 2.5.4 (/opt/ros/jazzy/share/ament_cmake/cmake)
[0.343s] -- Found Python3: /usr/bin/python3 (found version "3.12.3") found components: Interpreter 
[0.451s] -- Found moveit_ros_planning_interface: 2.12.3 (/opt/ros/jazzy/share/moveit_ros_planning_interface/cmake)
[0.579s] -- Found Boost: /usr/lib/x86_64-linux-gnu/cmake/Boost-1.83.0/BoostConfig.cmake (found version "1.83.0") found components: date_time filesystem program_options system thread 
[0.660s] -- Found rosidl_generator_c: 4.6.6 (/opt/ros/jazzy/share/rosidl_generator_c/cmake)
[0.676s] -- Found rosidl_generator_cpp: 4.6.6 (/opt/ros/jazzy/share/rosidl_generator_cpp/cmake)
[0.698s] -- Using all available rosidl_typesupport_c: rosidl_typesupport_fastrtps_c;rosidl_typesupport_introspection_c
[0.712s] -- Using all available rosidl_typesupport_cpp: rosidl_typesupport_fastrtps_cpp;rosidl_typesupport_introspection_cpp
[0.916s] -- Found Boost: /usr/lib/x86_64-linux-gnu/cmake/Boost-1.83.0/BoostConfig.cmake (found version "1.83.0") found components: chrono date_time filesystem iostreams program_options regex serialization system thread 
[0.971s] -- Found parameter_traits: 0.5.0 (/opt/ros/jazzy/share/parameter_traits/cmake)
[1.014s] -- Found rmw_implementation_cmake: 7.3.2 (/opt/ros/jazzy/share/rmw_implementation_cmake/cmake)
[1.018s] -- Found rmw_fastrtps_cpp: 8.4.3 (/opt/ros/jazzy/share/rmw_fastrtps_cpp/cmake)
[1.090s] -- Found OpenSSL: /usr/lib/x86_64-linux-gnu/libcrypto.so (found version "3.0.13")  
[1.102s] -- Found FastRTPS: /opt/ros/jazzy/include (Required is at least version "2.13") 
[1.119s] -- Using RMW implementation 'rmw_fastrtps_cpp' as default
[1.180s] -- Found rclcpp_lifecycle: 28.1.12 (/opt/ros/jazzy/share/rclcpp_lifecycle/cmake)
[1.206s] -- Found Boost: /usr/lib/x86_64-linux-gnu/cmake/Boost-1.83.0/BoostConfig.cmake (found version "1.83.0") found components: filesystem 
[1.257s] -- Found Eigen3: TRUE (found version "3.4.0") 
[1.257s] -- Ensuring Eigen3 include directory is part of orocos-kdl CMake target
[1.381s] -- Found Boost: /usr/lib/x86_64-linux-gnu/cmake/Boost-1.83.0/BoostConfig.cmake (found version "1.83.0") found components: system filesystem date_time program_options thread chrono 
[1.413s] -- Found Boost: /usr/lib/x86_64-linux-gnu/cmake/Boost-1.83.0/BoostConfig.cmake (found version "1.83.0") found components: thread system filesystem regex date_time program_options 
[1.430s] -- Found Boost: /usr/lib/x86_64-linux-gnu/cmake/Boost-1.83.0/BoostConfig.cmake (found version "1.83.0") found components: system filesystem date_time program_options thread 
[1.516s] -- Configuring done (1.5s)
[1.540s] -- Generating done (0.0s)
[1.545s] -- Build files have been written to: /root/ros2_ws/src/open_manipulator/build/open_manipulator_playground
[1.557s] Invoked command in '/root/ros2_ws/src/open_manipulator/build/open_manipulator_playground' returned '0': CMAKE_PREFIX_PATH=${CMAKE_PREFIX_PATH}:/root/ros2_ws/install/eyetracking_controller:/root/ros2_ws/install/open_manipulator_teleop:/root/ros2_ws/install/open_manipulator_bringup:/opt/ros/jazzy /usr/bin/cmake /root/ros2_ws/src/open_manipulator/open_manipulator_playground -DCMAKE_INSTALL_PREFIX=/root/ros2_ws/src/open_manipulator/install/open_manipulator_playground
[1.559s] Invoking command in '/root/ros2_ws/src/open_manipulator/build/open_manipulator_playground': CMAKE_PREFIX_PATH=${CMAKE_PREFIX_PATH}:/root/ros2_ws/install/eyetracking_controller:/root/ros2_ws/install/open_manipulator_teleop:/root/ros2_ws/install/open_manipulator_bringup:/opt/ros/jazzy /usr/bin/cmake --build /root/ros2_ws/src/open_manipulator/build/open_manipulator_playground -- -j24 -l24
[1.609s] [ 16%] [32mBuilding CXX object CMakeFiles/omy_f3m_hello_moveit.dir/src/omy_f3m_hello_moveit.cpp.o[0m
[1.610s] [ 50%] [32mBuilding CXX object CMakeFiles/omy_3m_hello_moveit.dir/src/omy_3m_hello_moveit.cpp.o[0m
[1.610s] [ 50%] [32mBuilding CXX object CMakeFiles/open_manipulator_x_hello_moveit.dir/src/open_manipulator_x_hello_moveit.cpp.o[0m
[6.048s] [ 66%] [32m[1mLinking CXX executable omy_3m_hello_moveit[0m
[6.443s] [ 66%] Built target omy_3m_hello_moveit
[7.238s] [ 83%] [32m[1mLinking CXX executable omy_f3m_hello_moveit[0m
[7.530s] [ 83%] Built target omy_f3m_hello_moveit
[7.610s] [100%] [32m[1mLinking CXX executable open_manipulator_x_hello_moveit[0m
[7.881s] [100%] Built target open_manipulator_x_hello_moveit
[7.897s] Invoked command in '/root/ros2_ws/src/open_manipulator/build/open_manipulator_playground' returned '0': CMAKE_PREFIX_PATH=${CMAKE_PREFIX_PATH}:/root/ros2_ws/install/eyetracking_controller:/root/ros2_ws/install/open_manipulator_teleop:/root/ros2_ws/install/open_manipulator_bringup:/opt/ros/jazzy /usr/bin/cmake --build /root/ros2_ws/src/open_manipulator/build/open_manipulator_playground -- -j24 -l24
[7.898s] Invoking command in '/root/ros2_ws/src/open_manipulator/build/open_manipulator_playground': CMAKE_PREFIX_PATH=${CMAKE_PREFIX_PATH}:/root/ros2_ws/install/eyetracking_controller:/root/ros2_ws/install/open_manipulator_teleop:/root/ros2_ws/install/open_manipulator_bringup:/opt/ros/jazzy /usr/bin/cmake --install /root/ros2_ws/src/open_manipulator/build/open_manipulator_playground
[7.908s] -- Install configuration: ""
[7.908s] -- Installing: /root/ros2_ws/src/open_manipulator/install/open_manipulator_playground/include
[7.908s] -- Installing: /root/ros2_ws/src/open_manipulator/install/open_manipulator_playground/include/open_manipulator_playground
[7.908s] -- Installing: /root/ros2_ws/src/open_manipulator/install/open_manipulator_playground/include/open_manipulator_playground/omy_f3m_hello_moveit.h
[7.908s] -- Installing: /root/ros2_ws/src/open_manipulator/install/open_manipulator_playground/include/open_manipulator_playground/omy_3m_hello_moveit.h
[7.908s] -- Installing: /root/ros2_ws/src/open_manipulator/install/open_manipulator_playground/include/open_manipulator_playground/open_manipulator_x_hello_moveit.h
[7.908s] -- Installing: /root/ros2_ws/src/open_manipulator/install/open_manipulator_playground/lib/open_manipulator_playground/open_manipulator_x_hello_moveit
[7.910s] -- Set non-toolchain portion of runtime path of "/root/ros2_ws/src/open_manipulator/install/open_manipulator_playground/lib/open_manipulator_playground/open_manipulator_x_hello_moveit" to ""
[7.911s] -- Installing: /root/ros2_ws/src/open_manipulator/install/open_manipulator_playground/lib/open_manipulator_playground/omy_f3m_hello_moveit
[7.912s] -- Set non-toolchain portion of runtime path of "/root/ros2_ws/src/open_manipulator/install/open_manipulator_playground/lib/open_manipulator_playground/omy_f3m_hello_moveit" to ""
[7.912s] -- Installing: /root/ros2_ws/src/open_manipulator/install/open_manipulator_playground/lib/open_manipulator_playground/omy_3m_hello_moveit
[7.913s] -- Set non-toolchain portion of runtime path of "/root/ros2_ws/src/open_manipulator/install/open_manipulator_playground/lib/open_manipulator_playground/omy_3m_hello_moveit" to ""
[7.913s] -- Installing: /root/ros2_ws/src/open_manipulator/install/open_manipulator_playground/share/ament_index/resource_index/package_run_dependencies/open_manipulator_playground
[7.913s] -- Installing: /root/ros2_ws/src/open_manipulator/install/open_manipulator_playground/share/ament_index/resource_index/parent_prefix_path/open_manipulator_playground
[7.913s] -- Installing: /root/ros2_ws/src/open_manipulator/install/open_manipulator_playground/share/open_manipulator_playground/environment/ament_prefix_path.sh
[7.913s] -- Installing: /root/ros2_ws/src/open_manipulator/install/open_manipulator_playground/share/open_manipulator_playground/environment/ament_prefix_path.dsv
[7.913s] -- Installing: /root/ros2_ws/src/open_manipulator/install/open_manipulator_playground/share/open_manipulator_playground/environment/path.sh
[7.913s] -- Installing: /root/ros2_ws/src/open_manipulator/install/open_manipulator_playground/share/open_manipulator_playground/environment/path.dsv
[7.913s] -- Installing: /root/ros2_ws/src/open_manipulator/install/open_manipulator_playground/share/open_manipulator_playground/local_setup.bash
[7.913s] -- Installing: /root/ros2_ws/src/open_manipulator/install/open_manipulator_playground/share/open_manipulator_playground/local_setup.sh
[7.913s] -- Installing: /root/ros2_ws/src/open_manipulator/install/open_manipulator_playground/share/open_manipulator_playground/local_setup.zsh
[7.913s] -- Installing: /root/ros2_ws/src/open_manipulator/install/open_manipulator_playground/share/open_manipulator_playground/local_setup.dsv
[7.913s] -- Installing: /root/ros2_ws/src/open_manipulator/install/open_manipulator_playground/share/open_manipulator_playground/package.dsv
[7.913s] -- Installing: /root/ros2_ws/src/open_manipulator/install/open_manipulator_playground/share/ament_index/resource_index/packages/open_manipulator_playground
[7.913s] -- Installing: /root/ros2_ws/src/open_manipulator/install/open_manipulator_playground/share/open_manipulator_playground/cmake/export_open_manipulator_playgroundExport.cmake
[7.913s] -- Installing: /root/ros2_ws/src/open_manipulator/install/open_manipulator_playground/share/open_manipulator_playground/cmake/export_open_manipulator_playgroundExport-noconfig.cmake
[7.913s] -- Installing: /root/ros2_ws/src/open_manipulator/install/open_manipulator_playground/share/open_manipulator_playground/cmake/ament_cmake_export_include_directories-extras.cmake
[7.913s] -- Installing: /root/ros2_ws/src/open_manipulator/install/open_manipulator_playground/share/open_manipulator_playground/cmake/ament_cmake_export_targets-extras.cmake
[7.913s] -- Installing: /root/ros2_ws/src/open_manipulator/install/open_manipulator_playground/share/open_manipulator_playground/cmake/open_manipulator_playgroundConfig.cmake
[7.913s] -- Installing: /root/ros2_ws/src/open_manipulator/install/open_manipulator_playground/share/open_manipulator_playground/cmake/open_manipulator_playgroundConfig-version.cmake
[7.913s] -- Installing: /root/ros2_ws/src/open_manipulator/install/open_manipulator_playground/share/open_manipulator_playground/package.xml
[7.916s] Invoked command in '/root/ros2_ws/src/open_manipulator/build/open_manipulator_playground' returned '0': CMAKE_PREFIX_PATH=${CMAKE_PREFIX_PATH}:/root/ros2_ws/install/eyetracking_controller:/root/ros2_ws/install/open_manipulator_teleop:/root/ros2_ws/install/open_manipulator_bringup:/opt/ros/jazzy /usr/bin/cmake --install /root/ros2_ws/src/open_manipulator/build/open_manipulator_playground
