[0.054s] Invoking command in '/root/ros2_ws/src/open_manipulator/build/om_spring_actuator_controller': CMAKE_PREFIX_PATH=${CMAKE_PREFIX_PATH}:/root/ros2_ws/src/open_manipulator/install/open_manipulator_teleop:/root/ros2_ws/src/open_manipulator/install/open_manipulator_bringup:/root/ros2_ws/src/open_manipulator/install/eyetracking_controller:/root/ros2_ws/install/eyetracking_controller:/root/ros2_ws/install/open_manipulator_teleop:/root/ros2_ws/install/open_manipulator_bringup:/opt/ros/jazzy /usr/bin/cmake --build /root/ros2_ws/src/open_manipulator/build/om_spring_actuator_controller -- -j24 -l24
[0.171s] [ 50%] Built target spring_actuator_controller_parameters
[0.171s] [100%] Built target spring_actuator_controller
[0.179s] Invoked command in '/root/ros2_ws/src/open_manipulator/build/om_spring_actuator_controller' returned '0': CMAKE_PREFIX_PATH=${CMAKE_PREFIX_PATH}:/root/ros2_ws/src/open_manipulator/install/open_manipulator_teleop:/root/ros2_ws/src/open_manipulator/install/open_manipulator_bringup:/root/ros2_ws/src/open_manipulator/install/eyetracking_controller:/root/ros2_ws/install/eyetracking_controller:/root/ros2_ws/install/open_manipulator_teleop:/root/ros2_ws/install/open_manipulator_bringup:/opt/ros/jazzy /usr/bin/cmake --build /root/ros2_ws/src/open_manipulator/build/om_spring_actuator_controller -- -j24 -l24
[0.180s] Invoking command in '/root/ros2_ws/src/open_manipulator/build/om_spring_actuator_controller': CMAKE_PREFIX_PATH=${CMAKE_PREFIX_PATH}:/root/ros2_ws/src/open_manipulator/install/open_manipulator_teleop:/root/ros2_ws/src/open_manipulator/install/open_manipulator_bringup:/root/ros2_ws/src/open_manipulator/install/eyetracking_controller:/root/ros2_ws/install/eyetracking_controller:/root/ros2_ws/install/open_manipulator_teleop:/root/ros2_ws/install/open_manipulator_bringup:/opt/ros/jazzy /usr/bin/cmake --install /root/ros2_ws/src/open_manipulator/build/om_spring_actuator_controller
[0.298s] -- Install configuration: ""
[0.298s] -- Up-to-date: /root/ros2_ws/src/open_manipulator/install/om_spring_actuator_controller/include/om_spring_actuator_controller
[0.298s] -- Up-to-date: /root/ros2_ws/src/open_manipulator/install/om_spring_actuator_controller/include/om_spring_actuator_controller/spring_actuator_controller_parameters.hpp
[0.298s] -- Up-to-date: /root/ros2_ws/src/open_manipulator/install/om_spring_actuator_controller/share/om_spring_actuator_controller/spring_actuator_plugin.xml
[0.298s] -- Up-to-date: /root/ros2_ws/src/open_manipulator/install/om_spring_actuator_controller/include/spring_actuator_controller
[0.298s] -- Up-to-date: /root/ros2_ws/src/open_manipulator/install/om_spring_actuator_controller/include/spring_actuator_controller/spring_actuator_controller
[0.298s] -- Up-to-date: /root/ros2_ws/src/open_manipulator/install/om_spring_actuator_controller/include/spring_actuator_controller/spring_actuator_controller/visibility_control.h
[0.299s] -- Up-to-date: /root/ros2_ws/src/open_manipulator/install/om_spring_actuator_controller/include/spring_actuator_controller/spring_actuator_controller/spring_actuator_controller.hpp
[0.299s] -- Up-to-date: /root/ros2_ws/src/open_manipulator/install/om_spring_actuator_controller/lib/libspring_actuator_controller.so
[0.299s] -- Up-to-date: /root/ros2_ws/src/open_manipulator/install/om_spring_actuator_controller/share/om_spring_actuator_controller/environment/library_path.sh
[0.299s] -- Up-to-date: /root/ros2_ws/src/open_manipulator/install/om_spring_actuator_controller/share/om_spring_actuator_controller/environment/library_path.dsv
[0.299s] -- Up-to-date: /root/ros2_ws/src/open_manipulator/install/om_spring_actuator_controller/share/ament_index/resource_index/package_run_dependencies/om_spring_actuator_controller
[0.299s] -- Up-to-date: /root/ros2_ws/src/open_manipulator/install/om_spring_actuator_controller/share/ament_index/resource_index/parent_prefix_path/om_spring_actuator_controller
[0.299s] -- Up-to-date: /root/ros2_ws/src/open_manipulator/install/om_spring_actuator_controller/share/om_spring_actuator_controller/environment/ament_prefix_path.sh
[0.299s] -- Up-to-date: /root/ros2_ws/src/open_manipulator/install/om_spring_actuator_controller/share/om_spring_actuator_controller/environment/ament_prefix_path.dsv
[0.299s] -- Up-to-date: /root/ros2_ws/src/open_manipulator/install/om_spring_actuator_controller/share/om_spring_actuator_controller/environment/path.sh
[0.299s] -- Up-to-date: /root/ros2_ws/src/open_manipulator/install/om_spring_actuator_controller/share/om_spring_actuator_controller/environment/path.dsv
[0.299s] -- Up-to-date: /root/ros2_ws/src/open_manipulator/install/om_spring_actuator_controller/share/om_spring_actuator_controller/local_setup.bash
[0.299s] -- Up-to-date: /root/ros2_ws/src/open_manipulator/install/om_spring_actuator_controller/share/om_spring_actuator_controller/local_setup.sh
[0.299s] -- Up-to-date: /root/ros2_ws/src/open_manipulator/install/om_spring_actuator_controller/share/om_spring_actuator_controller/local_setup.zsh
[0.299s] -- Up-to-date: /root/ros2_ws/src/open_manipulator/install/om_spring_actuator_controller/share/om_spring_actuator_controller/local_setup.dsv
[0.299s] -- Installing: /root/ros2_ws/src/open_manipulator/install/om_spring_actuator_controller/share/om_spring_actuator_controller/package.dsv
[0.299s] -- Up-to-date: /root/ros2_ws/src/open_manipulator/install/om_spring_actuator_controller/share/ament_index/resource_index/packages/om_spring_actuator_controller
[0.299s] -- Up-to-date: /root/ros2_ws/src/open_manipulator/install/om_spring_actuator_controller/share/ament_index/resource_index/controller_interface__pluginlib__plugin/om_spring_actuator_controller
[0.299s] -- Up-to-date: /root/ros2_ws/src/open_manipulator/install/om_spring_actuator_controller/share/om_spring_actuator_controller/cmake/export_spring_actuator_controllerExport.cmake
[0.299s] -- Up-to-date: /root/ros2_ws/src/open_manipulator/install/om_spring_actuator_controller/share/om_spring_actuator_controller/cmake/export_spring_actuator_controllerExport-noconfig.cmake
[0.299s] -- Up-to-date: /root/ros2_ws/src/open_manipulator/install/om_spring_actuator_controller/share/om_spring_actuator_controller/cmake/ament_cmake_export_dependencies-extras.cmake
[0.299s] -- Up-to-date: /root/ros2_ws/src/open_manipulator/install/om_spring_actuator_controller/share/om_spring_actuator_controller/cmake/ament_cmake_export_targets-extras.cmake
[0.299s] -- Up-to-date: /root/ros2_ws/src/open_manipulator/install/om_spring_actuator_controller/share/om_spring_actuator_controller/cmake/om_spring_actuator_controllerConfig.cmake
[0.300s] -- Up-to-date: /root/ros2_ws/src/open_manipulator/install/om_spring_actuator_controller/share/om_spring_actuator_controller/cmake/om_spring_actuator_controllerConfig-version.cmake
[0.300s] -- Up-to-date: /root/ros2_ws/src/open_manipulator/install/om_spring_actuator_controller/share/om_spring_actuator_controller/package.xml
[0.333s] Invoked command in '/root/ros2_ws/src/open_manipulator/build/om_spring_actuator_controller' returned '0': CMAKE_PREFIX_PATH=${CMAKE_PREFIX_PATH}:/root/ros2_ws/src/open_manipulator/install/open_manipulator_teleop:/root/ros2_ws/src/open_manipulator/install/open_manipulator_bringup:/root/ros2_ws/src/open_manipulator/install/eyetracking_controller:/root/ros2_ws/install/eyetracking_controller:/root/ros2_ws/install/open_manipulator_teleop:/root/ros2_ws/install/open_manipulator_bringup:/opt/ros/jazzy /usr/bin/cmake --install /root/ros2_ws/src/open_manipulator/build/om_spring_actuator_controller
