running egg_info
creating ../build/open_manipulator_bringup/open_manipulator_bringup.egg-info
writing ../build/open_manipulator_bringup/open_manipulator_bringup.egg-info/PKG-INFO
writing dependency_links to ../build/open_manipulator_bringup/open_manipulator_bringup.egg-info/dependency_links.txt
writing entry points to ../build/open_manipulator_bringup/open_manipulator_bringup.egg-info/entry_points.txt
writing requirements to ../build/open_manipulator_bringup/open_manipulator_bringup.egg-info/requires.txt
writing top-level names to ../build/open_manipulator_bringup/open_manipulator_bringup.egg-info/top_level.txt
writing manifest file '../build/open_manipulator_bringup/open_manipulator_bringup.egg-info/SOURCES.txt'
reading manifest file '../build/open_manipulator_bringup/open_manipulator_bringup.egg-info/SOURCES.txt'
writing manifest file '../build/open_manipulator_bringup/open_manipulator_bringup.egg-info/SOURCES.txt'
running build
running build_py
creating /root/ros2_ws/src/open_manipulator/build/open_manipulator_bringup/build
creating /root/ros2_ws/src/open_manipulator/build/open_manipulator_bringup/build/lib
creating /root/ros2_ws/src/open_manipulator/build/open_manipulator_bringup/build/lib/open_manipulator_bringup
copying open_manipulator_bringup/__init__.py -> /root/ros2_ws/src/open_manipulator/build/open_manipulator_bringup/build/lib/open_manipulator_bringup
copying open_manipulator_bringup/joint_trajectory_executor.py -> /root/ros2_ws/src/open_manipulator/build/open_manipulator_bringup/build/lib/open_manipulator_bringup
copying open_manipulator_bringup/om_create_udev_rules.py -> /root/ros2_ws/src/open_manipulator/build/open_manipulator_bringup/build/lib/open_manipulator_bringup
running install
running install_lib
creating /root/ros2_ws/src/open_manipulator/install/open_manipulator_bringup/lib/python3.12/site-packages/open_manipulator_bringup
copying /root/ros2_ws/src/open_manipulator/build/open_manipulator_bringup/build/lib/open_manipulator_bringup/__init__.py -> /root/ros2_ws/src/open_manipulator/install/open_manipulator_bringup/lib/python3.12/site-packages/open_manipulator_bringup
copying /root/ros2_ws/src/open_manipulator/build/open_manipulator_bringup/build/lib/open_manipulator_bringup/joint_trajectory_executor.py -> /root/ros2_ws/src/open_manipulator/install/open_manipulator_bringup/lib/python3.12/site-packages/open_manipulator_bringup
copying /root/ros2_ws/src/open_manipulator/build/open_manipulator_bringup/build/lib/open_manipulator_bringup/om_create_udev_rules.py -> /root/ros2_ws/src/open_manipulator/install/open_manipulator_bringup/lib/python3.12/site-packages/open_manipulator_bringup
byte-compiling /root/ros2_ws/src/open_manipulator/install/open_manipulator_bringup/lib/python3.12/site-packages/open_manipulator_bringup/__init__.py to __init__.cpython-312.pyc
byte-compiling /root/ros2_ws/src/open_manipulator/install/open_manipulator_bringup/lib/python3.12/site-packages/open_manipulator_bringup/joint_trajectory_executor.py to joint_trajectory_executor.cpython-312.pyc
byte-compiling /root/ros2_ws/src/open_manipulator/install/open_manipulator_bringup/lib/python3.12/site-packages/open_manipulator_bringup/om_create_udev_rules.py to om_create_udev_rules.cpython-312.pyc
running install_data
creating /root/ros2_ws/src/open_manipulator/install/open_manipulator_bringup/share/ament_index
creating /root/ros2_ws/src/open_manipulator/install/open_manipulator_bringup/share/ament_index/resource_index
creating /root/ros2_ws/src/open_manipulator/install/open_manipulator_bringup/share/ament_index/resource_index/packages
copying resource/open_manipulator_bringup -> /root/ros2_ws/src/open_manipulator/install/open_manipulator_bringup/share/ament_index/resource_index/packages
copying package.xml -> /root/ros2_ws/src/open_manipulator/install/open_manipulator_bringup/share/open_manipulator_bringup
creating /root/ros2_ws/src/open_manipulator/install/open_manipulator_bringup/share/open_manipulator_bringup/launch
copying launch/omy_3m.launch.py -> /root/ros2_ws/src/open_manipulator/install/open_manipulator_bringup/share/open_manipulator_bringup/launch
copying launch/omx_f_follower_ai.launch.py -> /root/ros2_ws/src/open_manipulator/install/open_manipulator_bringup/share/open_manipulator_bringup/launch
copying launch/omy_f3m.launch.py -> /root/ros2_ws/src/open_manipulator/install/open_manipulator_bringup/share/open_manipulator_bringup/launch
copying launch/camera_realsense.launch.py -> /root/ros2_ws/src/open_manipulator/install/open_manipulator_bringup/share/open_manipulator_bringup/launch
copying launch/omx_f.launch.py -> /root/ros2_ws/src/open_manipulator/install/open_manipulator_bringup/share/open_manipulator_bringup/launch
copying launch/omy_f3m_leader_ai.launch.py -> /root/ros2_ws/src/open_manipulator/install/open_manipulator_bringup/share/open_manipulator_bringup/launch
copying launch/open_manipulator_x.launch.py -> /root/ros2_ws/src/open_manipulator/install/open_manipulator_bringup/share/open_manipulator_bringup/launch
copying launch/omx_ai.launch.py -> /root/ros2_ws/src/open_manipulator/install/open_manipulator_bringup/share/open_manipulator_bringup/launch
copying launch/omy_3m_unpack.launch.py -> /root/ros2_ws/src/open_manipulator/install/open_manipulator_bringup/share/open_manipulator_bringup/launch
copying launch/omy_f3m_follower_ai_gazebo.launch.py -> /root/ros2_ws/src/open_manipulator/install/open_manipulator_bringup/share/open_manipulator_bringup/launch
copying launch/open_manipulator_x_gazebo.launch.py -> /root/ros2_ws/src/open_manipulator/install/open_manipulator_bringup/share/open_manipulator_bringup/launch
copying launch/omy_f3m_gazebo.launch.py -> /root/ros2_ws/src/open_manipulator/install/open_manipulator_bringup/share/open_manipulator_bringup/launch
copying launch/camera_usb_cam.launch.py -> /root/ros2_ws/src/open_manipulator/install/open_manipulator_bringup/share/open_manipulator_bringup/launch
copying launch/omy_l100_leader_ai.launch.py -> /root/ros2_ws/src/open_manipulator/install/open_manipulator_bringup/share/open_manipulator_bringup/launch
copying launch/omy_f3m_follower_ai.launch.py -> /root/ros2_ws/src/open_manipulator/install/open_manipulator_bringup/share/open_manipulator_bringup/launch
copying launch/omy_l100_follower_ai.launch.py -> /root/ros2_ws/src/open_manipulator/install/open_manipulator_bringup/share/open_manipulator_bringup/launch
copying launch/omx_l_leader_ai.launch.py -> /root/ros2_ws/src/open_manipulator/install/open_manipulator_bringup/share/open_manipulator_bringup/launch
copying launch/omy_ai_reverse.launch.py -> /root/ros2_ws/src/open_manipulator/install/open_manipulator_bringup/share/open_manipulator_bringup/launch
copying launch/omx_f_gazebo.launch.py -> /root/ros2_ws/src/open_manipulator/install/open_manipulator_bringup/share/open_manipulator_bringup/launch
copying launch/omy_3m_gazebo.launch.py -> /root/ros2_ws/src/open_manipulator/install/open_manipulator_bringup/share/open_manipulator_bringup/launch
copying launch/omx_f_follower_ai_gazebo.launch.py -> /root/ros2_ws/src/open_manipulator/install/open_manipulator_bringup/share/open_manipulator_bringup/launch
copying launch/omy_ai.launch.py -> /root/ros2_ws/src/open_manipulator/install/open_manipulator_bringup/share/open_manipulator_bringup/launch
copying launch/omy_3m_pack.launch.py -> /root/ros2_ws/src/open_manipulator/install/open_manipulator_bringup/share/open_manipulator_bringup/launch
creating /root/ros2_ws/src/open_manipulator/install/open_manipulator_bringup/share/open_manipulator_bringup/config
creating /root/ros2_ws/src/open_manipulator/install/open_manipulator_bringup/share/open_manipulator_bringup/config/open_manipulator_x
copying config/open_manipulator_x/initial_positions.yaml -> /root/ros2_ws/src/open_manipulator/install/open_manipulator_bringup/share/open_manipulator_bringup/config/open_manipulator_x
copying config/open_manipulator_x/hardware_controller_manager.yaml -> /root/ros2_ws/src/open_manipulator/install/open_manipulator_bringup/share/open_manipulator_bringup/config/open_manipulator_x
creating /root/ros2_ws/src/open_manipulator/install/open_manipulator_bringup/share/open_manipulator_bringup/config/omy_3m
copying config/omy_3m/pack_positions.yaml -> /root/ros2_ws/src/open_manipulator/install/open_manipulator_bringup/share/open_manipulator_bringup/config/omy_3m
copying config/omy_3m/qc_positions.yaml -> /root/ros2_ws/src/open_manipulator/install/open_manipulator_bringup/share/open_manipulator_bringup/config/omy_3m
copying config/omy_3m/initial_positions.yaml -> /root/ros2_ws/src/open_manipulator/install/open_manipulator_bringup/share/open_manipulator_bringup/config/omy_3m
copying config/omy_3m/hardware_controller_manager.yaml -> /root/ros2_ws/src/open_manipulator/install/open_manipulator_bringup/share/open_manipulator_bringup/config/omy_3m
creating /root/ros2_ws/src/open_manipulator/install/open_manipulator_bringup/share/open_manipulator_bringup/config/omy_f3m
copying config/omy_f3m/initial_positions.yaml -> /root/ros2_ws/src/open_manipulator/install/open_manipulator_bringup/share/open_manipulator_bringup/config/omy_f3m
copying config/omy_f3m/hardware_controller_manager.yaml -> /root/ros2_ws/src/open_manipulator/install/open_manipulator_bringup/share/open_manipulator_bringup/config/omy_f3m
creating /root/ros2_ws/src/open_manipulator/install/open_manipulator_bringup/share/open_manipulator_bringup/config/omy_f3m_follower_ai
copying config/omy_f3m_follower_ai/qc_positions.yaml -> /root/ros2_ws/src/open_manipulator/install/open_manipulator_bringup/share/open_manipulator_bringup/config/omy_f3m_follower_ai
copying config/omy_f3m_follower_ai/initial_positions.yaml -> /root/ros2_ws/src/open_manipulator/install/open_manipulator_bringup/share/open_manipulator_bringup/config/omy_f3m_follower_ai
copying config/omy_f3m_follower_ai/hardware_controller_manager.yaml -> /root/ros2_ws/src/open_manipulator/install/open_manipulator_bringup/share/open_manipulator_bringup/config/omy_f3m_follower_ai
creating /root/ros2_ws/src/open_manipulator/install/open_manipulator_bringup/share/open_manipulator_bringup/config/omy_f3m_leader_ai
copying config/omy_f3m_leader_ai/hardware_controller_manager.yaml -> /root/ros2_ws/src/open_manipulator/install/open_manipulator_bringup/share/open_manipulator_bringup/config/omy_f3m_leader_ai
creating /root/ros2_ws/src/open_manipulator/install/open_manipulator_bringup/share/open_manipulator_bringup/config/omy_l100_follower_ai
copying config/omy_l100_follower_ai/initial_positions.yaml -> /root/ros2_ws/src/open_manipulator/install/open_manipulator_bringup/share/open_manipulator_bringup/config/omy_l100_follower_ai
copying config/omy_l100_follower_ai/hardware_controller_manager.yaml -> /root/ros2_ws/src/open_manipulator/install/open_manipulator_bringup/share/open_manipulator_bringup/config/omy_l100_follower_ai
creating /root/ros2_ws/src/open_manipulator/install/open_manipulator_bringup/share/open_manipulator_bringup/config/omy_l100_leader_ai
copying config/omy_l100_leader_ai/hardware_controller_manager.yaml -> /root/ros2_ws/src/open_manipulator/install/open_manipulator_bringup/share/open_manipulator_bringup/config/omy_l100_leader_ai
creating /root/ros2_ws/src/open_manipulator/install/open_manipulator_bringup/share/open_manipulator_bringup/config/omx_f
copying config/omx_f/initial_positions.yaml -> /root/ros2_ws/src/open_manipulator/install/open_manipulator_bringup/share/open_manipulator_bringup/config/omx_f
copying config/omx_f/hardware_controller_manager.yaml -> /root/ros2_ws/src/open_manipulator/install/open_manipulator_bringup/share/open_manipulator_bringup/config/omx_f
creating /root/ros2_ws/src/open_manipulator/install/open_manipulator_bringup/share/open_manipulator_bringup/config/omx_f_follower_ai
copying config/omx_f_follower_ai/initial_positions.yaml -> /root/ros2_ws/src/open_manipulator/install/open_manipulator_bringup/share/open_manipulator_bringup/config/omx_f_follower_ai
copying config/omx_f_follower_ai/hardware_controller_manager.yaml -> /root/ros2_ws/src/open_manipulator/install/open_manipulator_bringup/share/open_manipulator_bringup/config/omx_f_follower_ai
creating /root/ros2_ws/src/open_manipulator/install/open_manipulator_bringup/share/open_manipulator_bringup/config/omx_l_leader_ai
copying config/omx_l_leader_ai/hardware_controller_manager.yaml -> /root/ros2_ws/src/open_manipulator/install/open_manipulator_bringup/share/open_manipulator_bringup/config/omx_l_leader_ai
creating /root/ros2_ws/src/open_manipulator/install/open_manipulator_bringup/share/open_manipulator_bringup/worlds
copying worlds/empty_world.sdf -> /root/ros2_ws/src/open_manipulator/install/open_manipulator_bringup/share/open_manipulator_bringup/worlds
copying open-manipulator-cdc.rules -> /root/ros2_ws/src/open_manipulator/install/open_manipulator_bringup/share/open_manipulator_bringup
running install_egg_info
Copying ../build/open_manipulator_bringup/open_manipulator_bringup.egg-info to /root/ros2_ws/src/open_manipulator/install/open_manipulator_bringup/lib/python3.12/site-packages/open_manipulator_bringup-4.1.2-py3.12.egg-info
running install_scripts
Installing joint_trajectory_executor script to /root/ros2_ws/src/open_manipulator/install/open_manipulator_bringup/lib/open_manipulator_bringup
Installing om_create_udev_rules script to /root/ros2_ws/src/open_manipulator/install/open_manipulator_bringup/lib/open_manipulator_bringup
writing list of installed files to '/root/ros2_ws/src/open_manipulator/build/open_manipulator_bringup/install.log'
