[ 50%] Built target spring_actuator_controller_parameters
[100%] Built target spring_actuator_controller
-- Install configuration: ""
-- Up-to-date: /root/ros2_ws/src/open_manipulator/install/om_spring_actuator_controller/include/om_spring_actuator_controller
-- Up-to-date: /root/ros2_ws/src/open_manipulator/install/om_spring_actuator_controller/include/om_spring_actuator_controller/spring_actuator_controller_parameters.hpp
-- Up-to-date: /root/ros2_ws/src/open_manipulator/install/om_spring_actuator_controller/share/om_spring_actuator_controller/spring_actuator_plugin.xml
-- Up-to-date: /root/ros2_ws/src/open_manipulator/install/om_spring_actuator_controller/include/spring_actuator_controller
-- Up-to-date: /root/ros2_ws/src/open_manipulator/install/om_spring_actuator_controller/include/spring_actuator_controller/spring_actuator_controller
-- Up-to-date: /root/ros2_ws/src/open_manipulator/install/om_spring_actuator_controller/include/spring_actuator_controller/spring_actuator_controller/visibility_control.h
-- Up-to-date: /root/ros2_ws/src/open_manipulator/install/om_spring_actuator_controller/include/spring_actuator_controller/spring_actuator_controller/spring_actuator_controller.hpp
-- Up-to-date: /root/ros2_ws/src/open_manipulator/install/om_spring_actuator_controller/lib/libspring_actuator_controller.so
-- Up-to-date: /root/ros2_ws/src/open_manipulator/install/om_spring_actuator_controller/share/om_spring_actuator_controller/environment/library_path.sh
-- Up-to-date: /root/ros2_ws/src/open_manipulator/install/om_spring_actuator_controller/share/om_spring_actuator_controller/environment/library_path.dsv
-- Up-to-date: /root/ros2_ws/src/open_manipulator/install/om_spring_actuator_controller/share/ament_index/resource_index/package_run_dependencies/om_spring_actuator_controller
-- Up-to-date: /root/ros2_ws/src/open_manipulator/install/om_spring_actuator_controller/share/ament_index/resource_index/parent_prefix_path/om_spring_actuator_controller
-- Up-to-date: /root/ros2_ws/src/open_manipulator/install/om_spring_actuator_controller/share/om_spring_actuator_controller/environment/ament_prefix_path.sh
-- Up-to-date: /root/ros2_ws/src/open_manipulator/install/om_spring_actuator_controller/share/om_spring_actuator_controller/environment/ament_prefix_path.dsv
-- Up-to-date: /root/ros2_ws/src/open_manipulator/install/om_spring_actuator_controller/share/om_spring_actuator_controller/environment/path.sh
-- Up-to-date: /root/ros2_ws/src/open_manipulator/install/om_spring_actuator_controller/share/om_spring_actuator_controller/environment/path.dsv
-- Up-to-date: /root/ros2_ws/src/open_manipulator/install/om_spring_actuator_controller/share/om_spring_actuator_controller/local_setup.bash
-- Up-to-date: /root/ros2_ws/src/open_manipulator/install/om_spring_actuator_controller/share/om_spring_actuator_controller/local_setup.sh
-- Up-to-date: /root/ros2_ws/src/open_manipulator/install/om_spring_actuator_controller/share/om_spring_actuator_controller/local_setup.zsh
-- Up-to-date: /root/ros2_ws/src/open_manipulator/install/om_spring_actuator_controller/share/om_spring_actuator_controller/local_setup.dsv
-- Installing: /root/ros2_ws/src/open_manipulator/install/om_spring_actuator_controller/share/om_spring_actuator_controller/package.dsv
-- Up-to-date: /root/ros2_ws/src/open_manipulator/install/om_spring_actuator_controller/share/ament_index/resource_index/packages/om_spring_actuator_controller
-- Up-to-date: /root/ros2_ws/src/open_manipulator/install/om_spring_actuator_controller/share/ament_index/resource_index/controller_interface__pluginlib__plugin/om_spring_actuator_controller
-- Up-to-date: /root/ros2_ws/src/open_manipulator/install/om_spring_actuator_controller/share/om_spring_actuator_controller/cmake/export_spring_actuator_controllerExport.cmake
-- Up-to-date: /root/ros2_ws/src/open_manipulator/install/om_spring_actuator_controller/share/om_spring_actuator_controller/cmake/export_spring_actuator_controllerExport-noconfig.cmake
-- Up-to-date: /root/ros2_ws/src/open_manipulator/install/om_spring_actuator_controller/share/om_spring_actuator_controller/cmake/ament_cmake_export_dependencies-extras.cmake
-- Up-to-date: /root/ros2_ws/src/open_manipulator/install/om_spring_actuator_controller/share/om_spring_actuator_controller/cmake/ament_cmake_export_targets-extras.cmake
-- Up-to-date: /root/ros2_ws/src/open_manipulator/install/om_spring_actuator_controller/share/om_spring_actuator_controller/cmake/om_spring_actuator_controllerConfig.cmake
-- Up-to-date: /root/ros2_ws/src/open_manipulator/install/om_spring_actuator_controller/share/om_spring_actuator_controller/cmake/om_spring_actuator_controllerConfig-version.cmake
-- Up-to-date: /root/ros2_ws/src/open_manipulator/install/om_spring_actuator_controller/share/om_spring_actuator_controller/package.xml
