running egg_info
writing ../build/open_manipulator_teleop/open_manipulator_teleop.egg-info/PKG-INFO
writing dependency_links to ../build/open_manipulator_teleop/open_manipulator_teleop.egg-info/dependency_links.txt
writing entry points to ../build/open_manipulator_teleop/open_manipulator_teleop.egg-info/entry_points.txt
writing requirements to ../build/open_manipulator_teleop/open_manipulator_teleop.egg-info/requires.txt
writing top-level names to ../build/open_manipulator_teleop/open_manipulator_teleop.egg-info/top_level.txt
reading manifest file '../build/open_manipulator_teleop/open_manipulator_teleop.egg-info/SOURCES.txt'
writing manifest file '../build/open_manipulator_teleop/open_manipulator_teleop.egg-info/SOURCES.txt'
running build
running build_py
running install
running install_lib
running install_data
running install_egg_info
removing '/root/ros2_ws/src/open_manipulator/install/open_manipulator_teleop/lib/python3.12/site-packages/open_manipulator_teleop-4.1.2-py3.12.egg-info' (and everything under it)
Copying ../build/open_manipulator_teleop/open_manipulator_teleop.egg-info to /root/ros2_ws/src/open_manipulator/install/open_manipulator_teleop/lib/python3.12/site-packages/open_manipulator_teleop-4.1.2-py3.12.egg-info
running install_scripts
Installing omx_f_teleop script to /root/ros2_ws/src/open_manipulator/install/open_manipulator_teleop/lib/open_manipulator_teleop
Installing omy_3m_teleop script to /root/ros2_ws/src/open_manipulator/install/open_manipulator_teleop/lib/open_manipulator_teleop
Installing omy_f3m_teleop script to /root/ros2_ws/src/open_manipulator/install/open_manipulator_teleop/lib/open_manipulator_teleop
Installing open_manipulator_x_teleop script to /root/ros2_ws/src/open_manipulator/install/open_manipulator_teleop/lib/open_manipulator_teleop
writing list of installed files to '/root/ros2_ws/src/open_manipulator/build/open_manipulator_teleop/install.log'
