[0.024s] Invoking command in '/root/ros2_ws/src/open_manipulator/build/open_manipulator_description': CMAKE_PREFIX_PATH=${CMAKE_PREFIX_PATH}:/root/ros2_ws/install/eyetracking_controller:/root/ros2_ws/install/open_manipulator_teleop:/root/ros2_ws/install/open_manipulator_bringup:/opt/ros/jazzy /usr/bin/cmake /root/ros2_ws/src/open_manipulator/open_manipulator_description -DCMAKE_INSTALL_PREFIX=/root/ros2_ws/src/open_manipulator/install/open_manipulator_description
[0.140s] -- The C compiler identification is GNU 13.3.0
[0.140s] -- The CXX compiler identification is GNU 13.3.0
[0.140s] -- Detecting C compiler ABI info
[0.183s] -- Detecting C compiler ABI info - done
[0.189s] -- Check for working C compiler: /usr/bin/cc - skipped
[0.189s] -- Detecting C compile features
[0.189s] -- Detecting C compile features - done
[0.194s] -- Detecting CXX compiler ABI info
[0.258s] -- Detecting CXX compiler ABI info - done
[0.263s] -- Check for working CXX compiler: /usr/bin/c++ - skipped
[0.263s] -- Detecting CXX compile features
[0.263s] -- Detecting CXX compile features - done
[0.268s] -- Found ament_cmake: 2.5.4 (/opt/ros/jazzy/share/ament_cmake/cmake)
[0.359s] -- Found Python3: /usr/bin/python3 (found version "3.12.3") found components: Interpreter 
[0.519s] -- Configuring done (0.5s)
[0.521s] -- Generating done (0.0s)
[0.523s] -- Build files have been written to: /root/ros2_ws/src/open_manipulator/build/open_manipulator_description
[0.529s] Invoked command in '/root/ros2_ws/src/open_manipulator/build/open_manipulator_description' returned '0': CMAKE_PREFIX_PATH=${CMAKE_PREFIX_PATH}:/root/ros2_ws/install/eyetracking_controller:/root/ros2_ws/install/open_manipulator_teleop:/root/ros2_ws/install/open_manipulator_bringup:/opt/ros/jazzy /usr/bin/cmake /root/ros2_ws/src/open_manipulator/open_manipulator_description -DCMAKE_INSTALL_PREFIX=/root/ros2_ws/src/open_manipulator/install/open_manipulator_description
[0.529s] Invoking command in '/root/ros2_ws/src/open_manipulator/build/open_manipulator_description': CMAKE_PREFIX_PATH=${CMAKE_PREFIX_PATH}:/root/ros2_ws/install/eyetracking_controller:/root/ros2_ws/install/open_manipulator_teleop:/root/ros2_ws/install/open_manipulator_bringup:/opt/ros/jazzy /usr/bin/cmake --build /root/ros2_ws/src/open_manipulator/build/open_manipulator_description -- -j24 -l24
[0.572s] Invoked command in '/root/ros2_ws/src/open_manipulator/build/open_manipulator_description' returned '0': CMAKE_PREFIX_PATH=${CMAKE_PREFIX_PATH}:/root/ros2_ws/install/eyetracking_controller:/root/ros2_ws/install/open_manipulator_teleop:/root/ros2_ws/install/open_manipulator_bringup:/opt/ros/jazzy /usr/bin/cmake --build /root/ros2_ws/src/open_manipulator/build/open_manipulator_description -- -j24 -l24
[0.581s] Invoking command in '/root/ros2_ws/src/open_manipulator/build/open_manipulator_description': CMAKE_PREFIX_PATH=${CMAKE_PREFIX_PATH}:/root/ros2_ws/install/eyetracking_controller:/root/ros2_ws/install/open_manipulator_teleop:/root/ros2_ws/install/open_manipulator_bringup:/opt/ros/jazzy /usr/bin/cmake --install /root/ros2_ws/src/open_manipulator/build/open_manipulator_description
[0.590s] -- Install configuration: ""
[0.590s] -- Installing: /root/ros2_ws/src/open_manipulator/install/open_manipulator_description/share/open_manipulator_description/launch
[0.590s] -- Installing: /root/ros2_ws/src/open_manipulator/install/open_manipulator_description/share/open_manipulator_description/launch/omy_3m.launch.py
[0.590s] -- Installing: /root/ros2_ws/src/open_manipulator/install/open_manipulator_description/share/open_manipulator_description/launch/omy_f3m.launch.py
[0.590s] -- Installing: /root/ros2_ws/src/open_manipulator/install/open_manipulator_description/share/open_manipulator_description/launch/omx_f.launch.py
[0.590s] -- Installing: /root/ros2_ws/src/open_manipulator/install/open_manipulator_description/share/open_manipulator_description/launch/omx_l.launch.py
[0.590s] -- Installing: /root/ros2_ws/src/open_manipulator/install/open_manipulator_description/share/open_manipulator_description/launch/open_manipulator_x.launch.py
[0.590s] -- Installing: /root/ros2_ws/src/open_manipulator/install/open_manipulator_description/share/open_manipulator_description/launch/omy_l100.launch.py
[0.590s] -- Installing: /root/ros2_ws/src/open_manipulator/install/open_manipulator_description/share/open_manipulator_description/meshes
[0.590s] -- Installing: /root/ros2_ws/src/open_manipulator/install/open_manipulator_description/share/open_manipulator_description/meshes/omy_f3m
[0.591s] -- Installing: /root/ros2_ws/src/open_manipulator/install/open_manipulator_description/share/open_manipulator_description/meshes/omy_f3m/link2.stl
[0.594s] -- Installing: /root/ros2_ws/src/open_manipulator/install/open_manipulator_description/share/open_manipulator_description/meshes/omy_f3m/base_unit.stl
[0.598s] -- Installing: /root/ros2_ws/src/open_manipulator/install/open_manipulator_description/share/open_manipulator_description/meshes/omy_f3m/link5.stl
[0.599s] -- Installing: /root/ros2_ws/src/open_manipulator/install/open_manipulator_description/share/open_manipulator_description/meshes/omy_f3m/flange.stl
[0.600s] -- Installing: /root/ros2_ws/src/open_manipulator/install/open_manipulator_description/share/open_manipulator_description/meshes/omy_f3m/link1.stl
[0.601s] -- Installing: /root/ros2_ws/src/open_manipulator/install/open_manipulator_description/share/open_manipulator_description/meshes/omy_f3m/link6.stl
[0.602s] -- Installing: /root/ros2_ws/src/open_manipulator/install/open_manipulator_description/share/open_manipulator_description/meshes/omy_f3m/link3.stl
[0.605s] -- Installing: /root/ros2_ws/src/open_manipulator/install/open_manipulator_description/share/open_manipulator_description/meshes/omy_f3m/link4.stl
[0.608s] -- Installing: /root/ros2_ws/src/open_manipulator/install/open_manipulator_description/share/open_manipulator_description/meshes/omy_l100
[0.608s] -- Installing: /root/ros2_ws/src/open_manipulator/install/open_manipulator_description/share/open_manipulator_description/meshes/omy_l100/link2.stl
[0.608s] -- Installing: /root/ros2_ws/src/open_manipulator/install/open_manipulator_description/share/open_manipulator_description/meshes/omy_l100/base_unit.stl
[0.609s] -- Installing: /root/ros2_ws/src/open_manipulator/install/open_manipulator_description/share/open_manipulator_description/meshes/omy_l100/link5.stl
[0.610s] -- Installing: /root/ros2_ws/src/open_manipulator/install/open_manipulator_description/share/open_manipulator_description/meshes/omy_l100/link1.stl
[0.611s] -- Installing: /root/ros2_ws/src/open_manipulator/install/open_manipulator_description/share/open_manipulator_description/meshes/omy_l100/link6.stl
[0.612s] -- Installing: /root/ros2_ws/src/open_manipulator/install/open_manipulator_description/share/open_manipulator_description/meshes/omy_l100/link7.stl
[0.612s] -- Installing: /root/ros2_ws/src/open_manipulator/install/open_manipulator_description/share/open_manipulator_description/meshes/omy_l100/link3.stl
[0.613s] -- Installing: /root/ros2_ws/src/open_manipulator/install/open_manipulator_description/share/open_manipulator_description/meshes/omy_l100/link4.stl
[0.613s] -- Installing: /root/ros2_ws/src/open_manipulator/install/open_manipulator_description/share/open_manipulator_description/meshes/rh_p12_rn_a
[0.613s] -- Installing: /root/ros2_ws/src/open_manipulator/install/open_manipulator_description/share/open_manipulator_description/meshes/rh_p12_rn_a/r2.stl
[0.614s] -- Installing: /root/ros2_ws/src/open_manipulator/install/open_manipulator_description/share/open_manipulator_description/meshes/rh_p12_rn_a/l2.stl
[0.614s] -- Installing: /root/ros2_ws/src/open_manipulator/install/open_manipulator_description/share/open_manipulator_description/meshes/rh_p12_rn_a/base.stl
[0.614s] -- Installing: /root/ros2_ws/src/open_manipulator/install/open_manipulator_description/share/open_manipulator_description/meshes/rh_p12_rn_a/l1.stl
[0.614s] -- Installing: /root/ros2_ws/src/open_manipulator/install/open_manipulator_description/share/open_manipulator_description/meshes/rh_p12_rn_a/r1.stl
[0.615s] -- Installing: /root/ros2_ws/src/open_manipulator/install/open_manipulator_description/share/open_manipulator_description/meshes/omy_3m
[0.615s] -- Installing: /root/ros2_ws/src/open_manipulator/install/open_manipulator_description/share/open_manipulator_description/meshes/omy_3m/link2.stl
[0.618s] -- Installing: /root/ros2_ws/src/open_manipulator/install/open_manipulator_description/share/open_manipulator_description/meshes/omy_3m/base_unit.stl
[0.623s] -- Installing: /root/ros2_ws/src/open_manipulator/install/open_manipulator_description/share/open_manipulator_description/meshes/omy_3m/link5.stl
[0.625s] -- Installing: /root/ros2_ws/src/open_manipulator/install/open_manipulator_description/share/open_manipulator_description/meshes/omy_3m/link1.stl
[0.628s] -- Installing: /root/ros2_ws/src/open_manipulator/install/open_manipulator_description/share/open_manipulator_description/meshes/omy_3m/link6.stl
[0.629s] -- Installing: /root/ros2_ws/src/open_manipulator/install/open_manipulator_description/share/open_manipulator_description/meshes/omy_3m/link3.stl
[0.630s] -- Installing: /root/ros2_ws/src/open_manipulator/install/open_manipulator_description/share/open_manipulator_description/meshes/omy_3m/link4.stl
[0.631s] -- Installing: /root/ros2_ws/src/open_manipulator/install/open_manipulator_description/share/open_manipulator_description/meshes/omx_f
[0.631s] -- Installing: /root/ros2_ws/src/open_manipulator/install/open_manipulator_description/share/open_manipulator_description/meshes/omx_f/follower_03_middle_verticle.stl
[0.632s] -- Installing: /root/ros2_ws/src/open_manipulator/install/open_manipulator_description/share/open_manipulator_description/meshes/omx_f/follower_02_base_tilt_Revised.stl
[0.632s] -- Installing: /root/ros2_ws/src/open_manipulator/install/open_manipulator_description/share/open_manipulator_description/meshes/omx_f/follower_06_pan_Revised.stl
[0.633s] -- Installing: /root/ros2_ws/src/open_manipulator/install/open_manipulator_description/share/open_manipulator_description/meshes/omx_f/follower_01_base.stl
[0.634s] -- Installing: /root/ros2_ws/src/open_manipulator/install/open_manipulator_description/share/open_manipulator_description/meshes/omx_f/follower_04_middle_horizontal.stl
[0.636s] -- Installing: /root/ros2_ws/src/open_manipulator/install/open_manipulator_description/share/open_manipulator_description/meshes/omx_f/follower_08_gripper_gear.stl
[0.636s] -- Installing: /root/ros2_ws/src/open_manipulator/install/open_manipulator_description/share/open_manipulator_description/meshes/omx_f/follower_05_tip.stl
[0.637s] -- Installing: /root/ros2_ws/src/open_manipulator/install/open_manipulator_description/share/open_manipulator_description/meshes/omx_f/follower_07_gripper_motorized.stl
[0.637s] -- Installing: /root/ros2_ws/src/open_manipulator/install/open_manipulator_description/share/open_manipulator_description/meshes/omx_l
[0.638s] -- Installing: /root/ros2_ws/src/open_manipulator/install/open_manipulator_description/share/open_manipulator_description/meshes/omx_l/leader_05_tip_roll.stl
[0.638s] -- Installing: /root/ros2_ws/src/open_manipulator/install/open_manipulator_description/share/open_manipulator_description/meshes/omx_l/leader_03_middle_vertical.stl
[0.639s] -- Installing: /root/ros2_ws/src/open_manipulator/install/open_manipulator_description/share/open_manipulator_description/meshes/omx_l/leader_02_base_tilt_revised.stl
[0.639s] -- Installing: /root/ros2_ws/src/open_manipulator/install/open_manipulator_description/share/open_manipulator_description/meshes/omx_l/leader_07_tip_grip.stl
[0.640s] -- Installing: /root/ros2_ws/src/open_manipulator/install/open_manipulator_description/share/open_manipulator_description/meshes/omx_l/leader_04_middle_horizontal.stl
[0.640s] -- Installing: /root/ros2_ws/src/open_manipulator/install/open_manipulator_description/share/open_manipulator_description/meshes/omx_l/leader_01_base_roll.stl
[0.642s] -- Installing: /root/ros2_ws/src/open_manipulator/install/open_manipulator_description/share/open_manipulator_description/meshes/omx_l/leader_06_tip_pan_revised.stl
[0.643s] -- Installing: /root/ros2_ws/src/open_manipulator/install/open_manipulator_description/share/open_manipulator_description/meshes/open_manipulator_x
[0.643s] -- Installing: /root/ros2_ws/src/open_manipulator/install/open_manipulator_description/share/open_manipulator_description/meshes/open_manipulator_x/link2.stl
[0.643s] -- Installing: /root/ros2_ws/src/open_manipulator/install/open_manipulator_description/share/open_manipulator_description/meshes/open_manipulator_x/link5.stl
[0.643s] -- Installing: /root/ros2_ws/src/open_manipulator/install/open_manipulator_description/share/open_manipulator_description/meshes/open_manipulator_x/gripper_left_palm.stl
[0.643s] -- Installing: /root/ros2_ws/src/open_manipulator/install/open_manipulator_description/share/open_manipulator_description/meshes/open_manipulator_x/link1.stl
[0.643s] -- Installing: /root/ros2_ws/src/open_manipulator/install/open_manipulator_description/share/open_manipulator_description/meshes/open_manipulator_x/plate.stl
[0.644s] -- Installing: /root/ros2_ws/src/open_manipulator/install/open_manipulator_description/share/open_manipulator_description/meshes/open_manipulator_x/link3.stl
[0.644s] -- Installing: /root/ros2_ws/src/open_manipulator/install/open_manipulator_description/share/open_manipulator_description/meshes/open_manipulator_x/gripper_right_palm.stl
[0.644s] -- Installing: /root/ros2_ws/src/open_manipulator/install/open_manipulator_description/share/open_manipulator_description/meshes/open_manipulator_x/link4.stl
[0.645s] -- Installing: /root/ros2_ws/src/open_manipulator/install/open_manipulator_description/share/open_manipulator_description/rviz
[0.645s] -- Installing: /root/ros2_ws/src/open_manipulator/install/open_manipulator_description/share/open_manipulator_description/rviz/open_manipulator.rviz
[0.645s] -- Installing: /root/ros2_ws/src/open_manipulator/install/open_manipulator_description/share/open_manipulator_description/urdf
[0.645s] -- Installing: /root/ros2_ws/src/open_manipulator/install/open_manipulator_description/share/open_manipulator_description/urdf/omy_f3m
[0.645s] -- Installing: /root/ros2_ws/src/open_manipulator/install/open_manipulator_description/share/open_manipulator_description/urdf/omy_f3m/omy_f3m_arm.urdf.xacro
[0.645s] -- Installing: /root/ros2_ws/src/open_manipulator/install/open_manipulator_description/share/open_manipulator_description/urdf/omy_f3m/rh_p12_rn_a.urdf.xacro
[0.645s] -- Installing: /root/ros2_ws/src/open_manipulator/install/open_manipulator_description/share/open_manipulator_description/urdf/omy_f3m/omy_f3m.urdf
[0.645s] -- Installing: /root/ros2_ws/src/open_manipulator/install/open_manipulator_description/share/open_manipulator_description/urdf/omy_f3m/omy_f3m.urdf.xacro
[0.645s] -- Installing: /root/ros2_ws/src/open_manipulator/install/open_manipulator_description/share/open_manipulator_description/urdf/omy_l100
[0.646s] -- Installing: /root/ros2_ws/src/open_manipulator/install/open_manipulator_description/share/open_manipulator_description/urdf/omy_l100/omy_l100.urdf
[0.646s] -- Installing: /root/ros2_ws/src/open_manipulator/install/open_manipulator_description/share/open_manipulator_description/urdf/omy_l100/omy_l100_arm.urdf.xacro
[0.646s] -- Installing: /root/ros2_ws/src/open_manipulator/install/open_manipulator_description/share/open_manipulator_description/urdf/omy_l100/omy_l100.urdf.xacro
[0.646s] -- Installing: /root/ros2_ws/src/open_manipulator/install/open_manipulator_description/share/open_manipulator_description/urdf/omy_3m
[0.646s] -- Installing: /root/ros2_ws/src/open_manipulator/install/open_manipulator_description/share/open_manipulator_description/urdf/omy_3m/omy_3m.urdf.xacro
[0.646s] -- Installing: /root/ros2_ws/src/open_manipulator/install/open_manipulator_description/share/open_manipulator_description/urdf/omy_3m/omy_3m.urdf
[0.646s] -- Installing: /root/ros2_ws/src/open_manipulator/install/open_manipulator_description/share/open_manipulator_description/urdf/omy_3m/omy_3m_arm.urdf.xacro
[0.646s] -- Installing: /root/ros2_ws/src/open_manipulator/install/open_manipulator_description/share/open_manipulator_description/urdf/omx_f
[0.646s] -- Installing: /root/ros2_ws/src/open_manipulator/install/open_manipulator_description/share/open_manipulator_description/urdf/omx_f/omx_f.urdf.xacro
[0.646s] -- Installing: /root/ros2_ws/src/open_manipulator/install/open_manipulator_description/share/open_manipulator_description/urdf/omx_f/omx_f.urdf
[0.646s] -- Installing: /root/ros2_ws/src/open_manipulator/install/open_manipulator_description/share/open_manipulator_description/urdf/omx_f/omx_f_arm.urdf.xacro
[0.646s] -- Installing: /root/ros2_ws/src/open_manipulator/install/open_manipulator_description/share/open_manipulator_description/urdf/omx_l
[0.646s] -- Installing: /root/ros2_ws/src/open_manipulator/install/open_manipulator_description/share/open_manipulator_description/urdf/omx_l/omx_l_arm.urdf.xacro
[0.647s] -- Installing: /root/ros2_ws/src/open_manipulator/install/open_manipulator_description/share/open_manipulator_description/urdf/omx_l/omx_l.urdf
[0.647s] -- Installing: /root/ros2_ws/src/open_manipulator/install/open_manipulator_description/share/open_manipulator_description/urdf/omx_l/omx_l.urdf.xacro
[0.647s] -- Installing: /root/ros2_ws/src/open_manipulator/install/open_manipulator_description/share/open_manipulator_description/urdf/open_manipulator_x
[0.647s] -- Installing: /root/ros2_ws/src/open_manipulator/install/open_manipulator_description/share/open_manipulator_description/urdf/open_manipulator_x/open_manipulator_x_arm.urdf.xacro
[0.647s] -- Installing: /root/ros2_ws/src/open_manipulator/install/open_manipulator_description/share/open_manipulator_description/urdf/open_manipulator_x/open_manipulator_x.urdf.xacro
[0.647s] -- Installing: /root/ros2_ws/src/open_manipulator/install/open_manipulator_description/share/open_manipulator_description/urdf/open_manipulator_x/open_manipulator_x.urdf
[0.647s] -- Installing: /root/ros2_ws/src/open_manipulator/install/open_manipulator_description/share/open_manipulator_description/gazebo
[0.647s] -- Installing: /root/ros2_ws/src/open_manipulator/install/open_manipulator_description/share/open_manipulator_description/gazebo/omx_l.gazebo.xacro
[0.648s] -- Installing: /root/ros2_ws/src/open_manipulator/install/open_manipulator_description/share/open_manipulator_description/gazebo/open_manipulator_x.gazebo.xacro
[0.648s] -- Installing: /root/ros2_ws/src/open_manipulator/install/open_manipulator_description/share/open_manipulator_description/gazebo/rh_p12_rn_a.gazebo.xacro
[0.648s] -- Installing: /root/ros2_ws/src/open_manipulator/install/open_manipulator_description/share/open_manipulator_description/gazebo/omy_3m.gazebo.xacro
[0.648s] -- Installing: /root/ros2_ws/src/open_manipulator/install/open_manipulator_description/share/open_manipulator_description/gazebo/omy_f3m.gazebo.xacro
[0.648s] -- Installing: /root/ros2_ws/src/open_manipulator/install/open_manipulator_description/share/open_manipulator_description/gazebo/omy_l100.gazebo.xacro
[0.648s] -- Installing: /root/ros2_ws/src/open_manipulator/install/open_manipulator_description/share/open_manipulator_description/gazebo/omx_f.gazebo.xacro
[0.648s] -- Installing: /root/ros2_ws/src/open_manipulator/install/open_manipulator_description/share/open_manipulator_description/ros2_control
[0.648s] -- Installing: /root/ros2_ws/src/open_manipulator/install/open_manipulator_description/share/open_manipulator_description/ros2_control/omx_l.ros2_control.xacro
[0.648s] -- Installing: /root/ros2_ws/src/open_manipulator/install/open_manipulator_description/share/open_manipulator_description/ros2_control/omy_l100_current.ros2_control.xacro
[0.648s] -- Installing: /root/ros2_ws/src/open_manipulator/install/open_manipulator_description/share/open_manipulator_description/ros2_control/omy_f3m_position.ros2_control.xacro
[0.648s] -- Installing: /root/ros2_ws/src/open_manipulator/install/open_manipulator_description/share/open_manipulator_description/ros2_control/omy_f3m_end_unit.ros2_control.xacro
[0.648s] -- Installing: /root/ros2_ws/src/open_manipulator/install/open_manipulator_description/share/open_manipulator_description/ros2_control/omx_f.ros2_control.xacro
[0.648s] -- Installing: /root/ros2_ws/src/open_manipulator/install/open_manipulator_description/share/open_manipulator_description/ros2_control/omy_3m_end_unit.ros2_control.xacro
[0.648s] -- Installing: /root/ros2_ws/src/open_manipulator/install/open_manipulator_description/share/open_manipulator_description/ros2_control/omy_3m_position.ros2_control.xacro
[0.649s] -- Installing: /root/ros2_ws/src/open_manipulator/install/open_manipulator_description/share/open_manipulator_description/ros2_control/omy_f3m_current.ros2_control.xacro
[0.649s] -- Installing: /root/ros2_ws/src/open_manipulator/install/open_manipulator_description/share/open_manipulator_description/ros2_control/omy_f3m_smooth.ros2_control.xacro
[0.649s] -- Installing: /root/ros2_ws/src/open_manipulator/install/open_manipulator_description/share/open_manipulator_description/ros2_control/open_manipulator_x_position.ros2_control.xacro
[0.649s] -- Installing: /root/ros2_ws/src/open_manipulator/install/open_manipulator_description/share/open_manipulator_description/ros2_control/omy_l100_position.ros2_control.xacro
[0.649s] -- Installing: /root/ros2_ws/src/open_manipulator/install/open_manipulator_description/share/ament_index/resource_index/package_run_dependencies/open_manipulator_description
[0.649s] -- Installing: /root/ros2_ws/src/open_manipulator/install/open_manipulator_description/share/ament_index/resource_index/parent_prefix_path/open_manipulator_description
[0.649s] -- Installing: /root/ros2_ws/src/open_manipulator/install/open_manipulator_description/share/open_manipulator_description/environment/ament_prefix_path.sh
[0.649s] -- Installing: /root/ros2_ws/src/open_manipulator/install/open_manipulator_description/share/open_manipulator_description/environment/ament_prefix_path.dsv
[0.649s] -- Installing: /root/ros2_ws/src/open_manipulator/install/open_manipulator_description/share/open_manipulator_description/environment/path.sh
[0.649s] -- Installing: /root/ros2_ws/src/open_manipulator/install/open_manipulator_description/share/open_manipulator_description/environment/path.dsv
[0.649s] -- Installing: /root/ros2_ws/src/open_manipulator/install/open_manipulator_description/share/open_manipulator_description/local_setup.bash
[0.649s] -- Installing: /root/ros2_ws/src/open_manipulator/install/open_manipulator_description/share/open_manipulator_description/local_setup.sh
[0.649s] -- Installing: /root/ros2_ws/src/open_manipulator/install/open_manipulator_description/share/open_manipulator_description/local_setup.zsh
[0.649s] -- Installing: /root/ros2_ws/src/open_manipulator/install/open_manipulator_description/share/open_manipulator_description/local_setup.dsv
[0.649s] -- Installing: /root/ros2_ws/src/open_manipulator/install/open_manipulator_description/share/open_manipulator_description/package.dsv
[0.650s] -- Installing: /root/ros2_ws/src/open_manipulator/install/open_manipulator_description/share/ament_index/resource_index/packages/open_manipulator_description
[0.650s] -- Installing: /root/ros2_ws/src/open_manipulator/install/open_manipulator_description/share/open_manipulator_description/cmake/open_manipulator_descriptionConfig.cmake
[0.650s] -- Installing: /root/ros2_ws/src/open_manipulator/install/open_manipulator_description/share/open_manipulator_description/cmake/open_manipulator_descriptionConfig-version.cmake
[0.650s] -- Installing: /root/ros2_ws/src/open_manipulator/install/open_manipulator_description/share/open_manipulator_description/package.xml
[0.654s] Invoked command in '/root/ros2_ws/src/open_manipulator/build/open_manipulator_description' returned '0': CMAKE_PREFIX_PATH=${CMAKE_PREFIX_PATH}:/root/ros2_ws/install/eyetracking_controller:/root/ros2_ws/install/open_manipulator_teleop:/root/ros2_ws/install/open_manipulator_bringup:/opt/ros/jazzy /usr/bin/cmake --install /root/ros2_ws/src/open_manipulator/build/open_manipulator_description
