[ 66%] Built target omy_3m_hello_moveit
[ 83%] Built target open_manipulator_x_hello_moveit
[100%] Built target omy_f3m_hello_moveit
-- Install configuration: ""
-- Up-to-date: /root/ros2_ws/src/open_manipulator/install/open_manipulator_playground/include
-- Up-to-date: /root/ros2_ws/src/open_manipulator/install/open_manipulator_playground/include/open_manipulator_playground
-- Up-to-date: /root/ros2_ws/src/open_manipulator/install/open_manipulator_playground/include/open_manipulator_playground/omy_f3m_hello_moveit.h
-- Up-to-date: /root/ros2_ws/src/open_manipulator/install/open_manipulator_playground/include/open_manipulator_playground/omy_3m_hello_moveit.h
-- Up-to-date: /root/ros2_ws/src/open_manipulator/install/open_manipulator_playground/include/open_manipulator_playground/open_manipulator_x_hello_moveit.h
-- Up-to-date: /root/ros2_ws/src/open_manipulator/install/open_manipulator_playground/lib/open_manipulator_playground/open_manipulator_x_hello_moveit
-- Up-to-date: /root/ros2_ws/src/open_manipulator/install/open_manipulator_playground/lib/open_manipulator_playground/omy_f3m_hello_moveit
-- Up-to-date: /root/ros2_ws/src/open_manipulator/install/open_manipulator_playground/lib/open_manipulator_playground/omy_3m_hello_moveit
-- Up-to-date: /root/ros2_ws/src/open_manipulator/install/open_manipulator_playground/share/ament_index/resource_index/package_run_dependencies/open_manipulator_playground
-- Up-to-date: /root/ros2_ws/src/open_manipulator/install/open_manipulator_playground/share/ament_index/resource_index/parent_prefix_path/open_manipulator_playground
-- Up-to-date: /root/ros2_ws/src/open_manipulator/install/open_manipulator_playground/share/open_manipulator_playground/environment/ament_prefix_path.sh
-- Up-to-date: /root/ros2_ws/src/open_manipulator/install/open_manipulator_playground/share/open_manipulator_playground/environment/ament_prefix_path.dsv
-- Up-to-date: /root/ros2_ws/src/open_manipulator/install/open_manipulator_playground/share/open_manipulator_playground/environment/path.sh
-- Up-to-date: /root/ros2_ws/src/open_manipulator/install/open_manipulator_playground/share/open_manipulator_playground/environment/path.dsv
-- Up-to-date: /root/ros2_ws/src/open_manipulator/install/open_manipulator_playground/share/open_manipulator_playground/local_setup.bash
-- Up-to-date: /root/ros2_ws/src/open_manipulator/install/open_manipulator_playground/share/open_manipulator_playground/local_setup.sh
-- Up-to-date: /root/ros2_ws/src/open_manipulator/install/open_manipulator_playground/share/open_manipulator_playground/local_setup.zsh
-- Up-to-date: /root/ros2_ws/src/open_manipulator/install/open_manipulator_playground/share/open_manipulator_playground/local_setup.dsv
-- Installing: /root/ros2_ws/src/open_manipulator/install/open_manipulator_playground/share/open_manipulator_playground/package.dsv
-- Up-to-date: /root/ros2_ws/src/open_manipulator/install/open_manipulator_playground/share/ament_index/resource_index/packages/open_manipulator_playground
-- Up-to-date: /root/ros2_ws/src/open_manipulator/install/open_manipulator_playground/share/open_manipulator_playground/cmake/export_open_manipulator_playgroundExport.cmake
-- Up-to-date: /root/ros2_ws/src/open_manipulator/install/open_manipulator_playground/share/open_manipulator_playground/cmake/export_open_manipulator_playgroundExport-noconfig.cmake
-- Up-to-date: /root/ros2_ws/src/open_manipulator/install/open_manipulator_playground/share/open_manipulator_playground/cmake/ament_cmake_export_include_directories-extras.cmake
-- Up-to-date: /root/ros2_ws/src/open_manipulator/install/open_manipulator_playground/share/open_manipulator_playground/cmake/ament_cmake_export_targets-extras.cmake
-- Up-to-date: /root/ros2_ws/src/open_manipulator/install/open_manipulator_playground/share/open_manipulator_playground/cmake/open_manipulator_playgroundConfig.cmake
-- Up-to-date: /root/ros2_ws/src/open_manipulator/install/open_manipulator_playground/share/open_manipulator_playground/cmake/open_manipulator_playgroundConfig-version.cmake
-- Up-to-date: /root/ros2_ws/src/open_manipulator/install/open_manipulator_playground/share/open_manipulator_playground/package.xml
