[0.050s] Invoking command in '/root/ros2_ws/src/open_manipulator/build/open_manipulator_playground': CMAKE_PREFIX_PATH=${CMAKE_PREFIX_PATH}:/root/ros2_ws/src/open_manipulator/install/open_manipulator_teleop:/root/ros2_ws/src/open_manipulator/install/open_manipulator_bringup:/root/ros2_ws/src/open_manipulator/install/eyetracking_controller:/root/ros2_ws/install/eyetracking_controller:/root/ros2_ws/install/open_manipulator_teleop:/root/ros2_ws/install/open_manipulator_bringup:/opt/ros/jazzy /usr/bin/cmake --build /root/ros2_ws/src/open_manipulator/build/open_manipulator_playground -- -j24 -l24
[0.164s] [ 66%] Built target omy_3m_hello_moveit
[0.165s] [ 83%] Built target open_manipulator_x_hello_moveit
[0.165s] [100%] Built target omy_f3m_hello_moveit
[0.174s] Invoked command in '/root/ros2_ws/src/open_manipulator/build/open_manipulator_playground' returned '0': CMAKE_PREFIX_PATH=${CMAKE_PREFIX_PATH}:/root/ros2_ws/src/open_manipulator/install/open_manipulator_teleop:/root/ros2_ws/src/open_manipulator/install/open_manipulator_bringup:/root/ros2_ws/src/open_manipulator/install/eyetracking_controller:/root/ros2_ws/install/eyetracking_controller:/root/ros2_ws/install/open_manipulator_teleop:/root/ros2_ws/install/open_manipulator_bringup:/opt/ros/jazzy /usr/bin/cmake --build /root/ros2_ws/src/open_manipulator/build/open_manipulator_playground -- -j24 -l24
[0.174s] Invoking command in '/root/ros2_ws/src/open_manipulator/build/open_manipulator_playground': CMAKE_PREFIX_PATH=${CMAKE_PREFIX_PATH}:/root/ros2_ws/src/open_manipulator/install/open_manipulator_teleop:/root/ros2_ws/src/open_manipulator/install/open_manipulator_bringup:/root/ros2_ws/src/open_manipulator/install/eyetracking_controller:/root/ros2_ws/install/eyetracking_controller:/root/ros2_ws/install/open_manipulator_teleop:/root/ros2_ws/install/open_manipulator_bringup:/opt/ros/jazzy /usr/bin/cmake --install /root/ros2_ws/src/open_manipulator/build/open_manipulator_playground
[0.294s] -- Install configuration: ""
[0.294s] -- Up-to-date: /root/ros2_ws/src/open_manipulator/install/open_manipulator_playground/include
[0.294s] -- Up-to-date: /root/ros2_ws/src/open_manipulator/install/open_manipulator_playground/include/open_manipulator_playground
[0.294s] -- Up-to-date: /root/ros2_ws/src/open_manipulator/install/open_manipulator_playground/include/open_manipulator_playground/omy_f3m_hello_moveit.h
[0.294s] -- Up-to-date: /root/ros2_ws/src/open_manipulator/install/open_manipulator_playground/include/open_manipulator_playground/omy_3m_hello_moveit.h
[0.294s] -- Up-to-date: /root/ros2_ws/src/open_manipulator/install/open_manipulator_playground/include/open_manipulator_playground/open_manipulator_x_hello_moveit.h
[0.294s] -- Up-to-date: /root/ros2_ws/src/open_manipulator/install/open_manipulator_playground/lib/open_manipulator_playground/open_manipulator_x_hello_moveit
[0.294s] -- Up-to-date: /root/ros2_ws/src/open_manipulator/install/open_manipulator_playground/lib/open_manipulator_playground/omy_f3m_hello_moveit
[0.294s] -- Up-to-date: /root/ros2_ws/src/open_manipulator/install/open_manipulator_playground/lib/open_manipulator_playground/omy_3m_hello_moveit
[0.294s] -- Up-to-date: /root/ros2_ws/src/open_manipulator/install/open_manipulator_playground/share/ament_index/resource_index/package_run_dependencies/open_manipulator_playground
[0.294s] -- Up-to-date: /root/ros2_ws/src/open_manipulator/install/open_manipulator_playground/share/ament_index/resource_index/parent_prefix_path/open_manipulator_playground
[0.294s] -- Up-to-date: /root/ros2_ws/src/open_manipulator/install/open_manipulator_playground/share/open_manipulator_playground/environment/ament_prefix_path.sh
[0.294s] -- Up-to-date: /root/ros2_ws/src/open_manipulator/install/open_manipulator_playground/share/open_manipulator_playground/environment/ament_prefix_path.dsv
[0.294s] -- Up-to-date: /root/ros2_ws/src/open_manipulator/install/open_manipulator_playground/share/open_manipulator_playground/environment/path.sh
[0.294s] -- Up-to-date: /root/ros2_ws/src/open_manipulator/install/open_manipulator_playground/share/open_manipulator_playground/environment/path.dsv
[0.294s] -- Up-to-date: /root/ros2_ws/src/open_manipulator/install/open_manipulator_playground/share/open_manipulator_playground/local_setup.bash
[0.294s] -- Up-to-date: /root/ros2_ws/src/open_manipulator/install/open_manipulator_playground/share/open_manipulator_playground/local_setup.sh
[0.294s] -- Up-to-date: /root/ros2_ws/src/open_manipulator/install/open_manipulator_playground/share/open_manipulator_playground/local_setup.zsh
[0.295s] -- Up-to-date: /root/ros2_ws/src/open_manipulator/install/open_manipulator_playground/share/open_manipulator_playground/local_setup.dsv
[0.295s] -- Installing: /root/ros2_ws/src/open_manipulator/install/open_manipulator_playground/share/open_manipulator_playground/package.dsv
[0.295s] -- Up-to-date: /root/ros2_ws/src/open_manipulator/install/open_manipulator_playground/share/ament_index/resource_index/packages/open_manipulator_playground
[0.295s] -- Up-to-date: /root/ros2_ws/src/open_manipulator/install/open_manipulator_playground/share/open_manipulator_playground/cmake/export_open_manipulator_playgroundExport.cmake
[0.295s] -- Up-to-date: /root/ros2_ws/src/open_manipulator/install/open_manipulator_playground/share/open_manipulator_playground/cmake/export_open_manipulator_playgroundExport-noconfig.cmake
[0.295s] -- Up-to-date: /root/ros2_ws/src/open_manipulator/install/open_manipulator_playground/share/open_manipulator_playground/cmake/ament_cmake_export_include_directories-extras.cmake
[0.295s] -- Up-to-date: /root/ros2_ws/src/open_manipulator/install/open_manipulator_playground/share/open_manipulator_playground/cmake/ament_cmake_export_targets-extras.cmake
[0.295s] -- Up-to-date: /root/ros2_ws/src/open_manipulator/install/open_manipulator_playground/share/open_manipulator_playground/cmake/open_manipulator_playgroundConfig.cmake
[0.295s] -- Up-to-date: /root/ros2_ws/src/open_manipulator/install/open_manipulator_playground/share/open_manipulator_playground/cmake/open_manipulator_playgroundConfig-version.cmake
[0.295s] -- Up-to-date: /root/ros2_ws/src/open_manipulator/install/open_manipulator_playground/share/open_manipulator_playground/package.xml
[0.311s] Invoked command in '/root/ros2_ws/src/open_manipulator/build/open_manipulator_playground' returned '0': CMAKE_PREFIX_PATH=${CMAKE_PREFIX_PATH}:/root/ros2_ws/src/open_manipulator/install/open_manipulator_teleop:/root/ros2_ws/src/open_manipulator/install/open_manipulator_bringup:/root/ros2_ws/src/open_manipulator/install/eyetracking_controller:/root/ros2_ws/install/eyetracking_controller:/root/ros2_ws/install/open_manipulator_teleop:/root/ros2_ws/install/open_manipulator_bringup:/opt/ros/jazzy /usr/bin/cmake --install /root/ros2_ws/src/open_manipulator/build/open_manipulator_playground
