[0.054s] Invoking command in '/root/ros2_ws/src/open_manipulator/build/om_gravity_compensation_controller': CMAKE_PREFIX_PATH=${CMAKE_PREFIX_PATH}:/root/ros2_ws/src/open_manipulator/install/open_manipulator_teleop:/root/ros2_ws/src/open_manipulator/install/open_manipulator_bringup:/root/ros2_ws/src/open_manipulator/install/eyetracking_controller:/root/ros2_ws/install/eyetracking_controller:/root/ros2_ws/install/open_manipulator_teleop:/root/ros2_ws/install/open_manipulator_bringup:/opt/ros/jazzy /usr/bin/cmake --build /root/ros2_ws/src/open_manipulator/build/om_gravity_compensation_controller -- -j24 -l24
[0.172s] [ 50%] Built target gravity_compensation_controller_parameters
[0.172s] [100%] Built target gravity_compensation_controller
[0.183s] Invoked command in '/root/ros2_ws/src/open_manipulator/build/om_gravity_compensation_controller' returned '0': CMAKE_PREFIX_PATH=${CMAKE_PREFIX_PATH}:/root/ros2_ws/src/open_manipulator/install/open_manipulator_teleop:/root/ros2_ws/src/open_manipulator/install/open_manipulator_bringup:/root/ros2_ws/src/open_manipulator/install/eyetracking_controller:/root/ros2_ws/install/eyetracking_controller:/root/ros2_ws/install/open_manipulator_teleop:/root/ros2_ws/install/open_manipulator_bringup:/opt/ros/jazzy /usr/bin/cmake --build /root/ros2_ws/src/open_manipulator/build/om_gravity_compensation_controller -- -j24 -l24
[0.184s] Invoking command in '/root/ros2_ws/src/open_manipulator/build/om_gravity_compensation_controller': CMAKE_PREFIX_PATH=${CMAKE_PREFIX_PATH}:/root/ros2_ws/src/open_manipulator/install/open_manipulator_teleop:/root/ros2_ws/src/open_manipulator/install/open_manipulator_bringup:/root/ros2_ws/src/open_manipulator/install/eyetracking_controller:/root/ros2_ws/install/eyetracking_controller:/root/ros2_ws/install/open_manipulator_teleop:/root/ros2_ws/install/open_manipulator_bringup:/opt/ros/jazzy /usr/bin/cmake --install /root/ros2_ws/src/open_manipulator/build/om_gravity_compensation_controller
[0.305s] -- Install configuration: ""
[0.305s] -- Up-to-date: /root/ros2_ws/src/open_manipulator/install/om_gravity_compensation_controller/include/om_gravity_compensation_controller
[0.305s] -- Up-to-date: /root/ros2_ws/src/open_manipulator/install/om_gravity_compensation_controller/include/om_gravity_compensation_controller/gravity_compensation_controller_parameters.hpp
[0.305s] -- Up-to-date: /root/ros2_ws/src/open_manipulator/install/om_gravity_compensation_controller/share/om_gravity_compensation_controller/gravity_compensation_plugin.xml
[0.305s] -- Up-to-date: /root/ros2_ws/src/open_manipulator/install/om_gravity_compensation_controller/include/gravity_compensation_controller
[0.305s] -- Up-to-date: /root/ros2_ws/src/open_manipulator/install/om_gravity_compensation_controller/include/gravity_compensation_controller/gravity_compensation_controller
[0.305s] -- Up-to-date: /root/ros2_ws/src/open_manipulator/install/om_gravity_compensation_controller/include/gravity_compensation_controller/gravity_compensation_controller/visibility_control.h
[0.305s] -- Up-to-date: /root/ros2_ws/src/open_manipulator/install/om_gravity_compensation_controller/include/gravity_compensation_controller/gravity_compensation_controller/gravity_compensation_controller.hpp
[0.305s] -- Up-to-date: /root/ros2_ws/src/open_manipulator/install/om_gravity_compensation_controller/lib/libgravity_compensation_controller.so
[0.305s] -- Up-to-date: /root/ros2_ws/src/open_manipulator/install/om_gravity_compensation_controller/share/om_gravity_compensation_controller/environment/library_path.sh
[0.305s] -- Up-to-date: /root/ros2_ws/src/open_manipulator/install/om_gravity_compensation_controller/share/om_gravity_compensation_controller/environment/library_path.dsv
[0.305s] -- Up-to-date: /root/ros2_ws/src/open_manipulator/install/om_gravity_compensation_controller/share/ament_index/resource_index/package_run_dependencies/om_gravity_compensation_controller
[0.305s] -- Up-to-date: /root/ros2_ws/src/open_manipulator/install/om_gravity_compensation_controller/share/ament_index/resource_index/parent_prefix_path/om_gravity_compensation_controller
[0.305s] -- Up-to-date: /root/ros2_ws/src/open_manipulator/install/om_gravity_compensation_controller/share/om_gravity_compensation_controller/environment/ament_prefix_path.sh
[0.305s] -- Up-to-date: /root/ros2_ws/src/open_manipulator/install/om_gravity_compensation_controller/share/om_gravity_compensation_controller/environment/ament_prefix_path.dsv
[0.305s] -- Up-to-date: /root/ros2_ws/src/open_manipulator/install/om_gravity_compensation_controller/share/om_gravity_compensation_controller/environment/path.sh
[0.306s] -- Up-to-date: /root/ros2_ws/src/open_manipulator/install/om_gravity_compensation_controller/share/om_gravity_compensation_controller/environment/path.dsv
[0.306s] -- Up-to-date: /root/ros2_ws/src/open_manipulator/install/om_gravity_compensation_controller/share/om_gravity_compensation_controller/local_setup.bash
[0.306s] -- Up-to-date: /root/ros2_ws/src/open_manipulator/install/om_gravity_compensation_controller/share/om_gravity_compensation_controller/local_setup.sh
[0.306s] -- Up-to-date: /root/ros2_ws/src/open_manipulator/install/om_gravity_compensation_controller/share/om_gravity_compensation_controller/local_setup.zsh
[0.306s] -- Up-to-date: /root/ros2_ws/src/open_manipulator/install/om_gravity_compensation_controller/share/om_gravity_compensation_controller/local_setup.dsv
[0.306s] -- Installing: /root/ros2_ws/src/open_manipulator/install/om_gravity_compensation_controller/share/om_gravity_compensation_controller/package.dsv
[0.306s] -- Up-to-date: /root/ros2_ws/src/open_manipulator/install/om_gravity_compensation_controller/share/ament_index/resource_index/packages/om_gravity_compensation_controller
[0.306s] -- Up-to-date: /root/ros2_ws/src/open_manipulator/install/om_gravity_compensation_controller/share/ament_index/resource_index/controller_interface__pluginlib__plugin/om_gravity_compensation_controller
[0.306s] -- Up-to-date: /root/ros2_ws/src/open_manipulator/install/om_gravity_compensation_controller/share/om_gravity_compensation_controller/cmake/export_gravity_compensation_controllerExport.cmake
[0.307s] -- Up-to-date: /root/ros2_ws/src/open_manipulator/install/om_gravity_compensation_controller/share/om_gravity_compensation_controller/cmake/export_gravity_compensation_controllerExport-noconfig.cmake
[0.307s] -- Up-to-date: /root/ros2_ws/src/open_manipulator/install/om_gravity_compensation_controller/share/om_gravity_compensation_controller/cmake/ament_cmake_export_dependencies-extras.cmake
[0.307s] -- Up-to-date: /root/ros2_ws/src/open_manipulator/install/om_gravity_compensation_controller/share/om_gravity_compensation_controller/cmake/ament_cmake_export_targets-extras.cmake
[0.307s] -- Up-to-date: /root/ros2_ws/src/open_manipulator/install/om_gravity_compensation_controller/share/om_gravity_compensation_controller/cmake/om_gravity_compensation_controllerConfig.cmake
[0.307s] -- Up-to-date: /root/ros2_ws/src/open_manipulator/install/om_gravity_compensation_controller/share/om_gravity_compensation_controller/cmake/om_gravity_compensation_controllerConfig-version.cmake
[0.307s] -- Up-to-date: /root/ros2_ws/src/open_manipulator/install/om_gravity_compensation_controller/share/om_gravity_compensation_controller/package.xml
[0.322s] Invoked command in '/root/ros2_ws/src/open_manipulator/build/om_gravity_compensation_controller' returned '0': CMAKE_PREFIX_PATH=${CMAKE_PREFIX_PATH}:/root/ros2_ws/src/open_manipulator/install/open_manipulator_teleop:/root/ros2_ws/src/open_manipulator/install/open_manipulator_bringup:/root/ros2_ws/src/open_manipulator/install/eyetracking_controller:/root/ros2_ws/install/eyetracking_controller:/root/ros2_ws/install/open_manipulator_teleop:/root/ros2_ws/install/open_manipulator_bringup:/opt/ros/jazzy /usr/bin/cmake --install /root/ros2_ws/src/open_manipulator/build/om_gravity_compensation_controller
